21:38:14.354 [main] INFO  testCases.TC__001Accountregestion - enter on my email ...............................
21:38:14.427 [main] INFO  testCases.TC__001Accountregestion - enter the password ...............................
21:38:14.481 [main] INFO  testCases.TC__001Accountregestion - log end ...............................
21:40:14.160 [main] INFO  testCases.TC__001Accountregestion - log start ...............................
21:40:14.355 [main] INFO  testCases.TC__001Accountregestion - click on my account ...............................
21:40:17.074 [main] INFO  testCases.TC__001Accountregestion - click on regestion  ...............................
21:40:25.205 [main] INFO  testCases.TC__001Accountregestion - enter my name  ...............................
21:40:25.275 [main] INFO  testCases.TC__001Accountregestion - enter my last name  ...............................
21:40:25.345 [main] INFO  testCases.TC__001Accountregestion - enter on my email ...............................
21:40:25.409 [main] INFO  testCases.TC__001Accountregestion - enter the password ...............................
21:40:25.458 [main] INFO  testCases.TC__001Accountregestion - log end ...............................
21:44:48.325 [TestNG-tests-1] INFO  testCases.TC__001Accountregestion - log start ...............................
21:44:48.407 [TestNG-tests-1] INFO  testCases.TC__001Accountregestion - click on my account ...............................
21:44:52.537 [TestNG-tests-1] INFO  testCases.TC__001Accountregestion - click on regestion  ...............................
21:44:59.022 [TestNG-tests-1] INFO  testCases.TC__001Accountregestion - enter my name  ...............................
21:44:59.109 [TestNG-tests-1] INFO  testCases.TC__001Accountregestion - enter my last name  ...............................
21:44:59.200 [TestNG-tests-1] INFO  testCases.TC__001Accountregestion - enter on my email ...............................
21:44:59.282 [TestNG-tests-1] INFO  testCases.TC__001Accountregestion - enter the password ...............................
21:44:59.343 [TestNG-tests-1] INFO  testCases.TC__001Accountregestion - log end ...............................
18:09:33.550 [main] INFO  testCases.TC__001Accountregestion - log start ...............................
18:09:33.669 [main] INFO  testCases.TC__001Accountregestion - click on my account ...............................
18:09:35.259 [main] INFO  testCases.TC__001Accountregestion - click on regestion  ...............................
18:09:52.340 [main] INFO  testCases.TC__001Accountregestion - enter my name  ...............................
18:09:52.404 [main] INFO  testCases.TC__001Accountregestion - enter my last name  ...............................
18:09:52.482 [main] INFO  testCases.TC__001Accountregestion - enter on my email ...............................
18:09:52.539 [main] INFO  testCases.TC__001Accountregestion - enter the password ...............................
18:09:52.599 [main] INFO  testCases.TC__001Accountregestion - log end ...............................
