21:50:58.772 [TestNG-tests-2] INFO  testCases.TC__001Accountregestion - click on my account ...............................
21:52:02.402 [TestNG-tests-1] INFO  testCases.TC__001Accountregestion - log start ...............................
21:52:03.243 [TestNG-tests-1] INFO  testCases.TC__001Accountregestion - click on my account ...............................
21:52:06.426 [TestNG-tests-2] INFO  testCases.TC__001Accountregestion - log start ...............................
21:52:06.506 [TestNG-tests-1] INFO  testCases.TC__001Accountregestion - click on regestion  ...............................
21:52:16.675 [TestNG-tests-2] INFO  testCases.TC__001Accountregestion - click on my account ...............................
21:52:17.483 [TestNG-tests-1] INFO  testCases.TC__001Accountregestion - enter my name  ...............................
21:52:17.576 [TestNG-tests-1] INFO  testCases.TC__001Accountregestion - enter my last name  ...............................
21:52:17.672 [TestNG-tests-1] INFO  testCases.TC__001Accountregestion - enter on my email ...............................
21:52:17.743 [TestNG-tests-1] INFO  testCases.TC__001Accountregestion - enter the password ...............................
21:52:17.814 [TestNG-tests-1] INFO  testCases.TC__001Accountregestion - log end ...............................
21:52:56.418 [TestNG-tests-1] INFO  testCases.TC__001Accountregestion - log start ...............................
21:52:56.611 [TestNG-tests-1] INFO  testCases.TC__001Accountregestion - click on my account ...............................
21:52:58.600 [TestNG-tests-2] INFO  testCases.TC__001Accountregestion - log start ...............................
21:52:59.278 [TestNG-tests-1] INFO  testCases.TC__001Accountregestion - click on regestion  ...............................
21:53:07.737 [TestNG-tests-1] INFO  testCases.TC__001Accountregestion - enter my name  ...............................
21:53:07.864 [TestNG-tests-1] INFO  testCases.TC__001Accountregestion - enter my last name  ...............................
21:53:08.041 [TestNG-tests-1] INFO  testCases.TC__001Accountregestion - enter on my email ...............................
21:53:08.158 [TestNG-tests-1] INFO  testCases.TC__001Accountregestion - enter the password ...............................
21:53:08.257 [TestNG-tests-1] INFO  testCases.TC__001Accountregestion - log end ...............................
21:53:09.076 [TestNG-tests-2] INFO  testCases.TC__001Accountregestion - click on my account ...............................
21:54:17.376 [TestNG-tests-1] INFO  testCases.TC__001Accountregestion - log start ...............................
21:54:18.193 [TestNG-tests-1] INFO  testCases.TC__001Accountregestion - click on my account ...............................
21:54:20.681 [TestNG-tests-2] INFO  testCases.TC__001Accountregestion - log start ...............................
21:54:20.808 [TestNG-tests-1] INFO  testCases.TC__001Accountregestion - click on regestion  ...............................
21:54:29.196 [TestNG-tests-1] INFO  testCases.TC__001Accountregestion - enter my name  ...............................
21:54:29.316 [TestNG-tests-1] INFO  testCases.TC__001Accountregestion - enter my last name  ...............................
21:54:29.477 [TestNG-tests-1] INFO  testCases.TC__001Accountregestion - enter on my email ...............................
21:54:29.600 [TestNG-tests-1] INFO  testCases.TC__001Accountregestion - enter the password ...............................
21:54:29.708 [TestNG-tests-1] INFO  testCases.TC__001Accountregestion - log end ...............................
21:54:30.332 [TestNG-tests-2] INFO  testCases.TC__001Accountregestion - click on my account ...............................
21:55:13.888 [main] INFO  testCases.TC__001Accountregestion - log start ...............................
21:55:13.973 [main] INFO  testCases.TC__001Accountregestion - click on my account ...............................
21:55:16.001 [main] INFO  testCases.TC__001Accountregestion - click on regestion  ...............................
21:55:22.709 [main] INFO  testCases.TC__001Accountregestion - enter my name  ...............................
21:55:22.772 [main] INFO  testCases.TC__001Accountregestion - enter my last name  ...............................
21:55:22.850 [main] INFO  testCases.TC__001Accountregestion - enter on my email ...............................
21:55:22.920 [main] INFO  testCases.TC__001Accountregestion - enter the password ...............................
21:55:22.976 [main] INFO  testCases.TC__001Accountregestion - log end ...............................
21:56:23.650 [TestNG-tests-1] INFO  testCases.TC__001Accountregestion - log start ...............................
21:56:24.793 [TestNG-tests-1] INFO  testCases.TC__001Accountregestion - click on my account ...............................
21:56:30.851 [TestNG-tests-2] INFO  testCases.TC__001Accountregestion - log start ...............................
21:56:32.118 [TestNG-tests-1] INFO  testCases.TC__001Accountregestion - click on regestion  ...............................
