21:56:52.312 [TestNG-tests-1] INFO  testCases.TC__001Accountregestion - enter my name  ...............................
21:56:52.436 [TestNG-tests-1] INFO  testCases.TC__001Accountregestion - enter my last name  ...............................
21:56:52.580 [TestNG-tests-1] INFO  testCases.TC__001Accountregestion - enter on my email ...............................
21:56:52.689 [TestNG-tests-1] INFO  testCases.TC__001Accountregestion - enter the password ...............................
21:56:52.761 [TestNG-tests-1] INFO  testCases.TC__001Accountregestion - log end ...............................
21:56:53.256 [TestNG-tests-2] INFO  testCases.TC__001Accountregestion - click on my account ...............................
21:56:55.241 [TestNG-tests-2] INFO  testCases.TC__001Accountregestion - click on regestion  ...............................
21:56:55.332 [TestNG-tests-2] INFO  testCases.TC__001Accountregestion - enter my name  ...............................
21:56:55.406 [TestNG-tests-2] INFO  testCases.TC__001Accountregestion - enter my last name  ...............................
21:56:55.485 [TestNG-tests-2] INFO  testCases.TC__001Accountregestion - enter on my email ...............................
21:56:55.556 [TestNG-tests-2] INFO  testCases.TC__001Accountregestion - enter the password ...............................
21:56:55.605 [TestNG-tests-2] INFO  testCases.TC__001Accountregestion - log end ...............................
22:12:28.549 [main] INFO  testCases.TC__001Accountregestion - log start ...............................
22:12:28.636 [main] INFO  testCases.TC__001Accountregestion - click on my account ...............................
22:12:34.173 [main] INFO  testCases.TC__001Accountregestion - click on regestion  ...............................
22:12:42.386 [main] INFO  testCases.TC__001Accountregestion - enter my name  ...............................
22:12:42.450 [main] INFO  testCases.TC__001Accountregestion - enter my last name  ...............................
22:12:42.526 [main] INFO  testCases.TC__001Accountregestion - enter on my email ...............................
22:12:42.591 [main] INFO  testCases.TC__001Accountregestion - enter the password ...............................
22:12:42.642 [main] INFO  testCases.TC__001Accountregestion - log end ...............................
21:33:26.442 [main] INFO  testCases.TC__001Accountregestion - log start ...............................
21:33:26.524 [main] INFO  testCases.TC__001Accountregestion - click on my account ...............................
21:33:30.790 [main] INFO  testCases.TC__001Accountregestion - click on regestion  ...............................
21:33:30.873 [main] INFO  testCases.TC__001Accountregestion - enter my name  ...............................
21:33:30.936 [main] INFO  testCases.TC__001Accountregestion - enter my last name  ...............................
21:33:31.011 [main] INFO  testCases.TC__001Accountregestion - enter on my email ...............................
21:33:31.074 [main] INFO  testCases.TC__001Accountregestion - enter the password ...............................
21:33:31.120 [main] INFO  testCases.TC__001Accountregestion - log end ...............................
21:34:19.996 [main] INFO  testCases.TC__001Accountregestion - log start ...............................
21:34:20.086 [main] INFO  testCases.TC__001Accountregestion - click on my account ...............................
21:34:23.756 [main] INFO  testCases.TC__001Accountregestion - click on regestion  ...............................
21:34:53.424 [main] INFO  testCases.TC__001Accountregestion - enter my name  ...............................
21:34:53.485 [main] INFO  testCases.TC__001Accountregestion - enter my last name  ...............................
21:34:53.557 [main] INFO  testCases.TC__001Accountregestion - enter on my email ...............................
21:34:53.638 [main] INFO  testCases.TC__001Accountregestion - enter the password ...............................
21:34:53.705 [main] INFO  testCases.TC__001Accountregestion - log end ...............................
21:36:18.653 [main] INFO  testCases.TC__001Accountregestion - log start ...............................
21:36:18.740 [main] INFO  testCases.TC__001Accountregestion - click on my account ...............................
21:36:20.532 [main] INFO  testCases.TC__001Accountregestion - click on regestion  ...............................
21:37:40.321 [main] INFO  testCases.TC__001Accountregestion - log start ...............................
21:37:40.407 [main] INFO  testCases.TC__001Accountregestion - click on my account ...............................
21:37:51.410 [main] INFO  testCases.TC__001Accountregestion - click on regestion  ...............................
21:38:14.214 [main] INFO  testCases.TC__001Accountregestion - enter my name  ...............................
21:38:14.278 [main] INFO  testCases.TC__001Accountregestion - enter my last name  ...............................
